<?xml version="1.0" encoding="UTF-8"?>
<!-- Generated by org.testng.reporters.JUnitReportReporter -->
<testsuite hostname="LAPTOP-9JMPPDEE" failures="0" tests="6" name="common.New_Version" time="6.809" errors="0" timestamp="2024-12-14T12:43:03 IST" skipped="0">
  <testcase classname="common.New_Version" name="Test" time="0.019"/>
  <testcase classname="common.New_Version" name="menus" time="1.185"/>
  <testcase classname="common.New_Version" name="arraymenus" time="0.279"/>
  <testcase classname="common.New_Version" name="Setmenus" time="0.267"/>
  <testcase classname="common.New_Version" name="mapmenus" time="4.850"/>
  <testcase classname="common.New_Version" name="extractAccountDashboardText" time="0.209"/>
</testsuite> <!-- common.New_Version -->
