<?xml version="1.0" encoding="UTF-8"?>
<!-- Generated by org.testng.reporters.JUnitReportReporter -->
<testsuite hostname="LAPTOP-9JMPPDEE" failures="0" tests="10" name="common.MenuTests" time="27.569" errors="0" timestamp="2024-12-14T23:10:13 IST" skipped="0">
  <testcase classname="common.MenuTests" name="verifyMenuItems" time="1.262"/>
  <testcase classname="common.MenuTests" name="verifyMenuItems" time="2.207"/>
  <testcase classname="common.MenuTests" name="validateMenuTitles" time="0.219"/>
  <testcase classname="common.MenuTests" name="validateMenuTitles" time="1.506"/>
  <testcase classname="common.MenuTests" name="validateUniqueLinks" time="1.440"/>
  <testcase classname="common.MenuTests" name="validateUniqueLinks" time="0.512"/>
  <testcase classname="common.MenuTests" name="verifyMyAccountPageElements" time="7.256"/>
  <testcase classname="common.MenuTests" name="verifyMyAccountPageElements" time="12.637"/>
  <testcase classname="common.MenuTests" name="extractDashboardText" time="0.146"/>
  <testcase classname="common.MenuTests" name="extractDashboardText" time="0.384"/>
</testsuite> <!-- common.MenuTests -->
