<?xml version="1.0" encoding="UTF-8"?>
<!-- Generated by org.testng.reporters.JUnitReportReporter -->
<testsuite hostname="LAPTOP-9JMPPDEE" failures="0" tests="6" name="common.New_Version" time="0.142" errors="0" timestamp="2024-11-03T12:53:59 IST" skipped="4">
  <testcase classname="common.New_Version" name="Test" time="0.049"/>
  <testcase classname="common.New_Version" name="extractAccountDashboardText" time="0.093"/>
  <testcase classname="common.New_Version" name="menus">
    <skipped/>
  </testcase> <!-- menus -->
  <testcase classname="common.New_Version" name="Setmenus">
    <skipped/>
  </testcase> <!-- Setmenus -->
  <testcase classname="common.New_Version" name="arraymenus">
    <skipped/>
  </testcase> <!-- arraymenus -->
  <testcase classname="common.New_Version" name="mapmenus">
    <skipped/>
  </testcase> <!-- mapmenus -->
</testsuite> <!-- common.New_Version -->
