<?xml version="1.0" encoding="UTF-8"?>
<!-- Generated by org.testng.reporters.JUnitReportReporter -->
<testsuite hostname="LAPTOP-9JMPPDEE" failures="0" tests="10" name="common.MenuTests" time="25.670" errors="0" timestamp="2024-12-14T23:33:52 IST" skipped="0">
  <testcase classname="common.MenuTests" name="verifyMenuItems" time="1.523"/>
  <testcase classname="common.MenuTests" name="verifyMenuItems" time="2.324"/>
  <testcase classname="common.MenuTests" name="validateMenuTitles" time="1.080"/>
  <testcase classname="common.MenuTests" name="validateMenuTitles" time="1.612"/>
  <testcase classname="common.MenuTests" name="validateUniqueLinks" time="0.408"/>
  <testcase classname="common.MenuTests" name="validateUniqueLinks" time="0.494"/>
  <testcase classname="common.MenuTests" name="verifyMyAccountPageElements" time="5.545"/>
  <testcase classname="common.MenuTests" name="verifyMyAccountPageElements" time="12.298"/>
  <testcase classname="common.MenuTests" name="extractDashboardText" time="0.265"/>
  <testcase classname="common.MenuTests" name="extractDashboardText" time="0.121"/>
</testsuite> <!-- common.MenuTests -->
